<?xml version="1.0" encoding="UTF-8"?>
<testng-results skipped="0" failed="0" ignored="0" total="1" passed="1">
  <reporter-output>
  </reporter-output>
  <suite name="Default suite" duration-ms="2785" started-at="2018-07-12T17:22:03Z" finished-at="2018-07-12T17:22:05Z">
    <groups>
    </groups>
    <test name="Default test" duration-ms="2785" started-at="2018-07-12T17:22:03Z" finished-at="2018-07-12T17:22:05Z">
      <class name="com.TwitterAPI.CreateTweet">
        <test-method status="PASS" signature="createTweet()[pri:0, instance:com.TwitterAPI.CreateTweet@724af044]" name="createTweet" duration-ms="2762" started-at="2018-07-12T17:22:03Z" finished-at="2018-07-12T17:22:05Z">
          <reporter-output>
          </reporter-output>
        </test-method> <!-- createTweet -->
      </class> <!-- com.TwitterAPI.CreateTweet -->
    </test> <!-- Default test -->
  </suite> <!-- Default suite -->
</testng-results>
